<?xml version="1.0" encoding="UTF-8" ?>
<testsuite tests="20" failures="0" name="com.superherosightingsspringmvc.dao.SuperHeroSightingsDaoTest" time="14.494" errors="0" skipped="0">
  <properties>
[...]
</properties>
  <testcase classname="com.superherosightingsspringmvc.dao.SuperHeroSightingsDaoTest" name="testGetSuperHeroSuperVillAll" time="2.642"/>
  <testcase classname="com.superherosightingsspringmvc.dao.SuperHeroSightingsDaoTest" name="testGetSuperSightingsAll" time="0.556"/>
  <testcase classname="com.superherosightingsspringmvc.dao.SuperHeroSightingsDaoTest" name="testRemoveSuperPower" time="0.704"/>
  <testcase classname="com.superherosightingsspringmvc.dao.SuperHeroSightingsDaoTest" name="testGetLocationAll" time="0.361"/>
  <testcase classname="com.superherosightingsspringmvc.dao.SuperHeroSightingsDaoTest" name="testUpdateOrg" time="0.465"/>
  <testcase classname="com.superherosightingsspringmvc.dao.SuperHeroSightingsDaoTest" name="testAddGetLocation" time="1.074"/>
  <testcase classname="com.superherosightingsspringmvc.dao.SuperHeroSightingsDaoTest" name="testRemoveLocation" time="0.554"/>
  <testcase classname="com.superherosightingsspringmvc.dao.SuperHeroSightingsDaoTest" name="testGetSuperSighting" time="0.355"/>
  <testcase classname="com.superherosightingsspringmvc.dao.SuperHeroSightingsDaoTest" name="testUpdateSuperSighting" time="0.749"/>
  <testcase classname="com.superherosightingsspringmvc.dao.SuperHeroSightingsDaoTest" name="testRemoveSuperSighting" time="0.618"/>
  <testcase classname="com.superherosightingsspringmvc.dao.SuperHeroSightingsDaoTest" name="testGetSuperPowerAll" time="0.386"/>
  <testcase classname="com.superherosightingsspringmvc.dao.SuperHeroSightingsDaoTest" name="testUpdateSuperPower" time="0.583"/>
  <testcase classname="com.superherosightingsspringmvc.dao.SuperHeroSightingsDaoTest" name="testUpdateSuperHeroSuperVill" time="0.764"/>
  <testcase classname="com.superherosightingsspringmvc.dao.SuperHeroSightingsDaoTest" name="testAddGetOrg" time="1.037"/>
  <testcase classname="com.superherosightingsspringmvc.dao.SuperHeroSightingsDaoTest" name="testAddGetSuperHeroSuperVill" time="0.485"/>
  <testcase classname="com.superherosightingsspringmvc.dao.SuperHeroSightingsDaoTest" name="testRemoveSuperHeroSuperVill" time="0.611"/>
  <testcase classname="com.superherosightingsspringmvc.dao.SuperHeroSightingsDaoTest" name="testAddGetSuperPower" time="0.392"/>
  <testcase classname="com.superherosightingsspringmvc.dao.SuperHeroSightingsDaoTest" name="testGetOrgAll" time="0.434"/>
  <testcase classname="com.superherosightingsspringmvc.dao.SuperHeroSightingsDaoTest" name="testUpdateLocation" time="1.188"/>
  <testcase classname="com.superherosightingsspringmvc.dao.SuperHeroSightingsDaoTest" name="testRemoveOrg" time="0.536"/>
</testsuite>